Using pre-set license
Built from '2021.3/staging' branch; Version is '2021.3.18f1 (3129e69bc0c7) revision 3221990'; Using compiler version '192829333'; Build Type 'Release'
OS: 'Windows 10  (10.0.19045) 64bit CoreCountrySpecific' Language: 'zh' Physical Memory: 16236 MB
BatchMode: 1, IsHumanControllingUs: 0, StartBugReporterOnCrash: 0, Is64bit: 1, IsPro: 1

COMMAND LINE ARGUMENTS:
C:\Program Files\Unity 2021.3.18f1\Editor\Unity.exe
-adb2
-batchMode
-noUpm
-name
AssetImportWorker7
-projectPath
D:/UNITY_PROJECT/dadishu(1)/dadishu
-logFile
Logs/AssetImportWorker7.log
-srvPort
61061
Successfully changed project path to: D:/UNITY_PROJECT/dadishu(1)/dadishu
D:/UNITY_PROJECT/dadishu(1)/dadishu
[UnityMemory] Configuration Parameters - Can be set up in boot.config
    "memorysetup-bucket-allocator-granularity=16"
    "memorysetup-bucket-allocator-bucket-count=8"
    "memorysetup-bucket-allocator-block-size=33554432"
    "memorysetup-bucket-allocator-block-count=8"
    "memorysetup-main-allocator-block-size=16777216"
    "memorysetup-thread-allocator-block-size=16777216"
    "memorysetup-gfx-main-allocator-block-size=16777216"
    "memorysetup-gfx-thread-allocator-block-size=16777216"
    "memorysetup-cache-allocator-block-size=4194304"
    "memorysetup-typetree-allocator-block-size=2097152"
    "memorysetup-profiler-bucket-allocator-granularity=16"
    "memorysetup-profiler-bucket-allocator-bucket-count=8"
    "memorysetup-profiler-bucket-allocator-block-size=33554432"
    "memorysetup-profiler-bucket-allocator-block-count=8"
    "memorysetup-profiler-allocator-block-size=16777216"
    "memorysetup-profiler-editor-allocator-block-size=1048576"
    "memorysetup-temp-allocator-size-main=16777216"
    "memorysetup-job-temp-allocator-block-size=2097152"
    "memorysetup-job-temp-allocator-block-size-background=1048576"
    "memorysetup-job-temp-allocator-reduction-small-platforms=262144"
    "memorysetup-temp-allocator-size-background-worker=32768"
    "memorysetup-temp-allocator-size-job-worker=262144"
    "memorysetup-temp-allocator-size-preload-manager=33554432"
    "memorysetup-temp-allocator-size-nav-mesh-worker=65536"
    "memorysetup-temp-allocator-size-audio-worker=65536"
    "memorysetup-temp-allocator-size-cloud-worker=32768"
    "memorysetup-temp-allocator-size-gi-baking-worker=262144"
    "memorysetup-temp-allocator-size-gfx=262144"
Player connection [33948] Host "[IP] 26.57.34.235 [Port] 0 [Flags] 2 [Guid] 1431349533 [EditorId] 1431349533 [Version] 1048832 [Id] WindowsEditor(7,DESKTOP-23GPE11) [Debug] 1 [PackageName] WindowsEditor [ProjectName] Editor" joined multi-casting on [225.0.0.222:54997]...

Player connection [33948] Host "[IP] 26.57.34.235 [Port] 0 [Flags] 2 [Guid] 1431349533 [EditorId] 1431349533 [Version] 1048832 [Id] WindowsEditor(7,DESKTOP-23GPE11) [Debug] 1 [PackageName] WindowsEditor [ProjectName] Editor" joined alternative multi-casting on [225.0.0.222:34997]...

Refreshing native plugins compatible for Editor in 100.43 ms, found 3 plugins.
Preloading 0 native plugins for Editor in 0.00 ms.
Initialize engine version: 2021.3.18f1 (3129e69bc0c7)
[Subsystems] Discovering subsystems at path C:/Program Files/Unity 2021.3.18f1/Editor/Data/Resources/UnitySubsystems
[Subsystems] Discovering subsystems at path D:/UNITY_PROJECT/dadishu(1)/dadishu/Assets
GfxDevice: creating device client; threaded=0; jobified=0
Direct3D:
    Version:  Direct3D 11.0 [level 11.1]
    Renderer: NVIDIA GeForce RTX 3070 Laptop GPU (ID=0x24dd)
    Vendor:   NVIDIA
    VRAM:     8033 MB
    Driver:   31.0.15.3758
Initialize mono
Mono path[0] = 'C:/Program Files/Unity 2021.3.18f1/Editor/Data/Managed'
Mono path[1] = 'C:/Program Files/Unity 2021.3.18f1/Editor/Data/MonoBleedingEdge/lib/mono/unityjit-win32'
Mono config path = 'C:/Program Files/Unity 2021.3.18f1/Editor/Data/MonoBleedingEdge/etc'
Using monoOptions --debugger-agent=transport=dt_socket,embedding=1,server=y,suspend=n,address=127.0.0.1:56144
Begin MonoManager ReloadAssembly
Registering precompiled unity dll's ...
Register platform support module: C:/Program Files/Unity 2021.3.18f1/Editor/Data/PlaybackEngines/WebGLSupport/UnityEditor.WebGL.Extensions.dll
Register platform support module: C:/Program Files/Unity 2021.3.18f1/Editor/Data/PlaybackEngines/MacStandaloneSupport/UnityEditor.OSXStandalone.Extensions.dll
Register platform support module: C:/Program Files/Unity 2021.3.18f1/Editor/Data/PlaybackEngines/AndroidPlayer/UnityEditor.Android.Extensions.dll
Register platform support module: C:/Program Files/Unity 2021.3.18f1/Editor/Data/PlaybackEngines/iOSSupport/UnityEditor.iOS.Extensions.dll
Register platform support module: C:/Program Files/Unity 2021.3.18f1/Editor/Data/PlaybackEngines/AppleTVSupport/UnityEditor.AppleTV.Extensions.dll
Register platform support module: C:/Program Files/Unity 2021.3.18f1/Editor/Data/PlaybackEngines/WindowsStandaloneSupport/UnityEditor.WindowsStandalone.Extensions.dll
Register platform support module: C:/Program Files/Unity 2021.3.18f1/Editor/Data/PlaybackEngines/LinuxStandaloneSupport/UnityEditor.LinuxStandalone.Extensions.dll
Register platform support module: C:/Program Files/Unity 2021.3.18f1/Editor/Data/PlaybackEngines/MetroSupport/UnityEditor.UWP.Extensions.dll
Registered in 0.044455 seconds.
Native extension for UWP target not found
Native extension for LinuxStandalone target not found
Native extension for WindowsStandalone target not found
[usbmuxd] Start listen thread
[usbmuxd] Listen thread started
Native extension for AppleTV target not found
[usbmuxd] Start listen thread
[usbmuxd] Listen thread started
Native extension for iOS target not found
Native extension for Android target not found
Native extension for OSXStandalone target not found
Native extension for WebGL target not found
Refreshing native plugins compatible for Editor in 89.83 ms, found 3 plugins.
Preloading 0 native plugins for Editor in 0.00 ms.
Mono: successfully reloaded assembly
- Completed reload, in  1.068 seconds
Domain Reload Profiling:
	ReloadAssembly (1069ms)
		BeginReloadAssembly (180ms)
			ExecutionOrderSort (0ms)
			DisableScriptedObjects (0ms)
			BackupInstance (0ms)
			ReleaseScriptingObjects (0ms)
			CreateAndSetChildDomain (1ms)
		EndReloadAssembly (692ms)
			LoadAssemblies (176ms)
			RebuildTransferFunctionScriptingTraits (0ms)
			SetupTypeCache (137ms)
			ReleaseScriptCaches (0ms)
			RebuildScriptCaches (44ms)
			SetupLoadedEditorAssemblies (423ms)
				LogAssemblyErrors (0ms)
				InitializePlatformSupportModulesInManaged (178ms)
				SetLoadedEditorAssemblies (0ms)
				RefreshPlugins (90ms)
				BeforeProcessingInitializeOnLoad (1ms)
				ProcessInitializeOnLoadAttributes (100ms)
				ProcessInitializeOnLoadMethodAttributes (53ms)
				AfterProcessingInitializeOnLoad (0ms)
				EditorAssembliesLoaded (0ms)
			ExecutionOrderSort2 (0ms)
			AwakeInstancesAfterBackupRestoration (0ms)
Platform modules already initialized, skipping
Registering precompiled user dll's ...
Registered in 0.008543 seconds.
Begin MonoManager ReloadAssembly
Symbol file LoadedFromMemory doesn't match image D:\UNITY_PROJECT\dadishu(1)\dadishu\Library\PackageCache\com.unity.visualscripting@1.8.0\Editor\VisualScripting.Core\Dependencies\YamlDotNet\Unity.VisualScripting.YamlDotNet.dll
Symbol file LoadedFromMemory doesn't match image D:\UNITY_PROJECT\dadishu(1)\dadishu\Library\PackageCache\com.unity.visualscripting@1.8.0\Editor\VisualScripting.Core\Dependencies\DotNetZip\Unity.VisualScripting.IonicZip.dll
Native extension for UWP target not found
Native extension for LinuxStandalone target not found
Native extension for WindowsStandalone target not found
Native extension for AppleTV target not found
Native extension for iOS target not found
Native extension for Android target not found
Native extension for OSXStandalone target not found
Native extension for WebGL target not found
Refreshing native plugins compatible for Editor in 0.73 ms, found 3 plugins.
Preloading 0 native plugins for Editor in 0.00 ms.
Mono: successfully reloaded assembly
- Completed reload, in  1.563 seconds
Domain Reload Profiling:
	ReloadAssembly (1564ms)
		BeginReloadAssembly (245ms)
			ExecutionOrderSort (0ms)
			DisableScriptedObjects (7ms)
			BackupInstance (0ms)
			ReleaseScriptingObjects (0ms)
			CreateAndSetChildDomain (28ms)
		EndReloadAssembly (1161ms)
			LoadAssemblies (213ms)
			RebuildTransferFunctionScriptingTraits (0ms)
			SetupTypeCache (286ms)
			ReleaseScriptCaches (1ms)
			RebuildScriptCaches (48ms)
			SetupLoadedEditorAssemblies (652ms)
				LogAssemblyErrors (0ms)
				InitializePlatformSupportModulesInManaged (85ms)
				SetLoadedEditorAssemblies (0ms)
				RefreshPlugins (1ms)
				BeforeProcessingInitializeOnLoad (106ms)
				ProcessInitializeOnLoadAttributes (401ms)
				ProcessInitializeOnLoadMethodAttributes (26ms)
				AfterProcessingInitializeOnLoad (32ms)
				EditorAssembliesLoaded (0ms)
			ExecutionOrderSort2 (0ms)
			AwakeInstancesAfterBackupRestoration (8ms)
Platform modules already initialized, skipping
========================================================================
Worker process is ready to serve import requests
Launched and connected shader compiler UnityShaderCompiler.exe after 0.07 seconds
Refreshing native plugins compatible for Editor in 0.94 ms, found 3 plugins.
Preloading 0 native plugins for Editor in 0.00 ms.
Unloading 3078 Unused Serialized files (Serialized files now loaded: 0)
Unloading 24 unused Assets / (113.9 KB). Loaded Objects now: 3543.
Memory consumption went from 114.0 MB to 113.9 MB.
Total: 4.328900 ms (FindLiveObjects: 0.267400 ms CreateObjectMapping: 0.256500 ms MarkObjects: 3.631400 ms  DeleteObjects: 0.172600 ms)

AssetImportParameters requested are different than current active one (requested -> active):
  custom:video-decoder-ogg-theora: a1e56fd34408186e4bbccfd4996cb3dc -> 
  custom:container-muxer-webm: aa71ff27fc2769a1b78a27578f13a17b -> 
  custom:container-demuxer-webm: 4f35f7cbe854078d1ac9338744f61a02 -> 
  custom:video-encoder-webm-vp8: eb34c28f22e8b96e1ab97ce403110664 -> 
  custom:video-codec-MediaFoundation-h265: 746d11721c4dcdbdad8f713fa42b33f4 -> 
  custom:audio-encoder-webm-vorbis: bf7c407c2cedff20999df2af8eb42d56 -> 
  custom:framework-win-MediaFoundation: 216162199b28c13a410421893ffa2e32 -> 
  custom:container-demuxer-ogg: 62fdf1f143b41e24485cea50d1cbac27 -> 
  custom:video-decoder-webm-vp8: 9c59270c3fd7afecdb556c50c9e8de78 -> 
  custom:audio-decoder-ogg-vorbis: bf7c407c2cedff20999df2af8eb42d56 -> 
========================================================================
Received Import Request.
  Time since last request: 109850.770042 seconds.
  path: Assets/Quirky Series Ultimate/FREE/Prefabs/Muskrat.prefab
  artifactKey: Guid(8cb75dc2fdd63734988b8358f1314d25) Importer(815301076,1909f56bfc062723c751e8b465ee728b)
Start importing Assets/Quirky Series Ultimate/FREE/Prefabs/Muskrat.prefab using Guid(8cb75dc2fdd63734988b8358f1314d25) Importer(815301076,1909f56bfc062723c751e8b465ee728b)  -> (artifact id: '5659f5ac74f5807fb5b2ab60562a60b3') in 0.295693 seconds 
========================================================================
Received Import Request.
  Time since last request: 0.000032 seconds.
  path: Assets/Quirky Series Ultimate/FREE/Prefabs/Sparrow.prefab
  artifactKey: Guid(ad4137f595ec8e2449cacca9df7d3735) Importer(815301076,1909f56bfc062723c751e8b465ee728b)
Start importing Assets/Quirky Series Ultimate/FREE/Prefabs/Sparrow.prefab using Guid(ad4137f595ec8e2449cacca9df7d3735) Importer(815301076,1909f56bfc062723c751e8b465ee728b)  -> (artifact id: 'ce483c99d022bb29970a6d245d7e8d59') in 0.106333 seconds 
========================================================================
Received Import Request.
  Time since last request: 0.196679 seconds.
  path: Assets/Quirky Series Ultimate/FREE/Prefabs/Single LODs/Colobus_LOD3.prefab
  artifactKey: Guid(1175f56e1052f8045a6fb8538864e2df) Importer(815301076,1909f56bfc062723c751e8b465ee728b)
Start importing Assets/Quirky Series Ultimate/FREE/Prefabs/Single LODs/Colobus_LOD3.prefab using Guid(1175f56e1052f8045a6fb8538864e2df) Importer(815301076,1909f56bfc062723c751e8b465ee728b)  -> (artifact id: '9e6e1ae70f5cd5b27b890199f2510289') in 0.090469 seconds 
========================================================================
Received Import Request.
  Time since last request: 0.000025 seconds.
  path: Assets/Quirky Series Ultimate/FREE/Prefabs/Single LODs/Gecko_LOD0.prefab
  artifactKey: Guid(91a4f0f34294be14fa741fc1d9973a18) Importer(815301076,1909f56bfc062723c751e8b465ee728b)
Start importing Assets/Quirky Series Ultimate/FREE/Prefabs/Single LODs/Gecko_LOD0.prefab using Guid(91a4f0f34294be14fa741fc1d9973a18) Importer(815301076,1909f56bfc062723c751e8b465ee728b)  -> (artifact id: '3fec83cedbcadb7d85060591b6f7703e') in 0.091637 seconds 
========================================================================
Received Import Request.
  Time since last request: 0.000035 seconds.
  path: Assets/Quirky Series Ultimate/FREE/Prefabs/Single LODs/Sparrow_LOD3.prefab
  artifactKey: Guid(e23c85086d2af87419bdb97d397969f7) Importer(815301076,1909f56bfc062723c751e8b465ee728b)
Start importing Assets/Quirky Series Ultimate/FREE/Prefabs/Single LODs/Sparrow_LOD3.prefab using Guid(e23c85086d2af87419bdb97d397969f7) Importer(815301076,1909f56bfc062723c751e8b465ee728b)  -> (artifact id: 'e930f9e59c2dfb27a0d0a59606111387') in 0.089066 seconds 
========================================================================
Received Import Request.
  Time since last request: 0.000023 seconds.
  path: Assets/Quirky Series Ultimate/FREE/Prefabs/Single LODs/Gecko_LOD2.prefab
  artifactKey: Guid(b8b867b08f6d8294380ce8b7b001286f) Importer(815301076,1909f56bfc062723c751e8b465ee728b)
Start importing Assets/Quirky Series Ultimate/FREE/Prefabs/Single LODs/Gecko_LOD2.prefab using Guid(b8b867b08f6d8294380ce8b7b001286f) Importer(815301076,1909f56bfc062723c751e8b465ee728b)  -> (artifact id: 'a5614f2124a34fd31b153b8f70d9f953') in 0.089435 seconds 
========================================================================
Received Import Request.
  Time since last request: 0.000033 seconds.
  path: Assets/Quirky Series Ultimate/FREE/Prefabs/Single LODs/Muskrat_LOD0.prefab
  artifactKey: Guid(6f7a2b840f3caca49af607313baee5c0) Importer(815301076,1909f56bfc062723c751e8b465ee728b)
Start importing Assets/Quirky Series Ultimate/FREE/Prefabs/Single LODs/Muskrat_LOD0.prefab using Guid(6f7a2b840f3caca49af607313baee5c0) Importer(815301076,1909f56bfc062723c751e8b465ee728b)  -> (artifact id: '724784d4b12f6242356469cb56eaf86b') in 0.105268 seconds 
========================================================================
Received Import Request.
  Time since last request: 0.000030 seconds.
  path: Assets/Quirky Series Ultimate/FREE/Prefabs/Single LODs/Squid_LOD3.prefab
  artifactKey: Guid(25d85c98cc39441419d10f3a9c093982) Importer(815301076,1909f56bfc062723c751e8b465ee728b)
Start importing Assets/Quirky Series Ultimate/FREE/Prefabs/Single LODs/Squid_LOD3.prefab using Guid(25d85c98cc39441419d10f3a9c093982) Importer(815301076,1909f56bfc062723c751e8b465ee728b)  -> (artifact id: '59d74ba9cae5c1611109c3ad0ff8c3f1') in 0.105667 seconds 
========================================================================
Received Import Request.
  Time since last request: 0.000046 seconds.
  path: Assets/Quirky Series Ultimate/FREE/Prefabs/Single LODs/Squid_LOD2.prefab
  artifactKey: Guid(ef3a44aeaa302104a8659bb3e1043280) Importer(815301076,1909f56bfc062723c751e8b465ee728b)
Start importing Assets/Quirky Series Ultimate/FREE/Prefabs/Single LODs/Squid_LOD2.prefab using Guid(ef3a44aeaa302104a8659bb3e1043280) Importer(815301076,1909f56bfc062723c751e8b465ee728b)  -> (artifact id: 'f39b1b6a7123e3d96667ac2ef9b31343') in 0.106369 seconds 
========================================================================
Received Import Request.
  Time since last request: 0.000021 seconds.
  path: Assets/Quirky Series Ultimate/FREE/Prefabs/Single LODs/Pudu_LOD1.prefab
  artifactKey: Guid(6a4cfb0d473072b4b8c264014839d6dd) Importer(815301076,1909f56bfc062723c751e8b465ee728b)
Start importing Assets/Quirky Series Ultimate/FREE/Prefabs/Single LODs/Pudu_LOD1.prefab using Guid(6a4cfb0d473072b4b8c264014839d6dd) Importer(815301076,1909f56bfc062723c751e8b465ee728b)  -> (artifact id: '1f21590564fe19db582de3102d17fbb9') in 0.092473 seconds 
========================================================================
Received Import Request.
  Time since last request: 0.331933 seconds.
  path: Assets/Quirky Series Ultimate/FREE/Models/Colobus_LOD3.fbx
  artifactKey: Guid(00c41b3ac9b4bac45acf9cbda3ad3d7c) Importer(815301076,1909f56bfc062723c751e8b465ee728b)
Start importing Assets/Quirky Series Ultimate/FREE/Models/Colobus_LOD3.fbx using Guid(00c41b3ac9b4bac45acf9cbda3ad3d7c) Importer(815301076,1909f56bfc062723c751e8b465ee728b)  -> (artifact id: 'cc46f5cad82ad1483d0de6e4629df204') in 0.058751 seconds 
========================================================================
Received Import Request.
  Time since last request: 0.000034 seconds.
  path: Assets/Quirky Series Ultimate/FREE/Models/Muskrat_LOD1.fbx
  artifactKey: Guid(682444f75c05b7044b5ee870dc53e2e1) Importer(815301076,1909f56bfc062723c751e8b465ee728b)
Start importing Assets/Quirky Series Ultimate/FREE/Models/Muskrat_LOD1.fbx using Guid(682444f75c05b7044b5ee870dc53e2e1) Importer(815301076,1909f56bfc062723c751e8b465ee728b)  -> (artifact id: '7d648e1ba50c78a67e20fb9b168ec8dc') in 0.035907 seconds 
========================================================================
Received Import Request.
  Time since last request: 0.000046 seconds.
  path: Assets/Quirky Series Ultimate/FREE/Models/Pudu_LOD0.fbx
  artifactKey: Guid(729780aabb3bbda4a8e4da360a0ea2f8) Importer(815301076,1909f56bfc062723c751e8b465ee728b)
Start importing Assets/Quirky Series Ultimate/FREE/Models/Pudu_LOD0.fbx using Guid(729780aabb3bbda4a8e4da360a0ea2f8) Importer(815301076,1909f56bfc062723c751e8b465ee728b)  -> (artifact id: '007526a856493b94658cbce271f90d6f') in 0.038657 seconds 
========================================================================
Received Import Request.
  Time since last request: 0.000053 seconds.
  path: Assets/Quirky Series Ultimate/FREE/Models/Muskrat_LOD0.fbx
  artifactKey: Guid(4e8b2226a60b94f4a9c43795c0cea457) Importer(815301076,1909f56bfc062723c751e8b465ee728b)
Start importing Assets/Quirky Series Ultimate/FREE/Models/Muskrat_LOD0.fbx using Guid(4e8b2226a60b94f4a9c43795c0cea457) Importer(815301076,1909f56bfc062723c751e8b465ee728b)  -> (artifact id: '71fbf7c820d2cfcb9dd4500d2cdef705') in 0.035038 seconds 
========================================================================
Received Import Request.
  Time since last request: 0.000029 seconds.
  path: Assets/Quirky Series Ultimate/FREE/Models/Muskrat_LOD3.fbx
  artifactKey: Guid(ecd5f26877b05f24b8929db54ddf9e71) Importer(815301076,1909f56bfc062723c751e8b465ee728b)
Start importing Assets/Quirky Series Ultimate/FREE/Models/Muskrat_LOD3.fbx using Guid(ecd5f26877b05f24b8929db54ddf9e71) Importer(815301076,1909f56bfc062723c751e8b465ee728b)  -> (artifact id: '72f6386d25b1e2da6a04f0b43964833d') in 0.030188 seconds 
========================================================================
Received Import Request.
  Time since last request: 0.000022 seconds.
  path: Assets/Quirky Series Ultimate/FREE/Models/Squid_LOD2.fbx
  artifactKey: Guid(12a19f46ffb36374e8da9b6a6faeeb5d) Importer(815301076,1909f56bfc062723c751e8b465ee728b)
Start importing Assets/Quirky Series Ultimate/FREE/Models/Squid_LOD2.fbx using Guid(12a19f46ffb36374e8da9b6a6faeeb5d) Importer(815301076,1909f56bfc062723c751e8b465ee728b)  -> (artifact id: '790960d67f0a7c01898475e56b2aa4a1') in 0.033309 seconds 
========================================================================
Received Import Request.
  Time since last request: 0.000039 seconds.
  path: Assets/Quirky Series Ultimate/FREE/Models/Gecko_LOD3.fbx
  artifactKey: Guid(f6ba3f6a030fdfb41bb3b15470242c58) Importer(815301076,1909f56bfc062723c751e8b465ee728b)
Start importing Assets/Quirky Series Ultimate/FREE/Models/Gecko_LOD3.fbx using Guid(f6ba3f6a030fdfb41bb3b15470242c58) Importer(815301076,1909f56bfc062723c751e8b465ee728b)  -> (artifact id: 'b022031681b82b561e985027bdee6291') in 0.030517 seconds 
========================================================================
Received Import Request.
  Time since last request: 1.558155 seconds.
  path: Assets/Quirky Series Ultimate/FREE/Animations/Muskrat_Animations.fbx
  artifactKey: Guid(0f1eb8fcb39d732419a570705c23a921) Importer(815301076,1909f56bfc062723c751e8b465ee728b)
Start importing Assets/Quirky Series Ultimate/FREE/Animations/Muskrat_Animations.fbx using Guid(0f1eb8fcb39d732419a570705c23a921) Importer(815301076,1909f56bfc062723c751e8b465ee728b)  -> (artifact id: '026125e2db5b5d6b205738a08292dcad') in 0.064194 seconds 
========================================================================
Received Import Request.
  Time since last request: 0.000027 seconds.
  path: Assets/Quirky Series Ultimate/FREE/Animations/Squid_Animations.fbx
  artifactKey: Guid(f2c84b0c526b37c45806428bb221b269) Importer(815301076,1909f56bfc062723c751e8b465ee728b)
Start importing Assets/Quirky Series Ultimate/FREE/Animations/Squid_Animations.fbx using Guid(f2c84b0c526b37c45806428bb221b269) Importer(815301076,1909f56bfc062723c751e8b465ee728b)  -> (artifact id: '27e0fe71de0c5aea6292b222ee1c3d00') in 0.055291 seconds 
========================================================================
Received Import Request.
  Time since last request: 0.384230 seconds.
  path: Assets/Quirky Series Ultimate/FREE/Materials/M_Muskrat.mat
  artifactKey: Guid(71824330e53acb448a9f9c1f4cfc7aee) Importer(815301076,1909f56bfc062723c751e8b465ee728b)
Start importing Assets/Quirky Series Ultimate/FREE/Materials/M_Muskrat.mat using Guid(71824330e53acb448a9f9c1f4cfc7aee) Importer(815301076,1909f56bfc062723c751e8b465ee728b)  -> (artifact id: '50624967efe43f69c6c149c205443f07') in 0.021424 seconds 
========================================================================
Received Import Request.
  Time since last request: 0.000027 seconds.
  path: Assets/Quirky Series Ultimate/FREE/Materials/M_Sparrow.mat
  artifactKey: Guid(797669773fa10544383b7822df49f5d9) Importer(815301076,1909f56bfc062723c751e8b465ee728b)
Start importing Assets/Quirky Series Ultimate/FREE/Materials/M_Sparrow.mat using Guid(797669773fa10544383b7822df49f5d9) Importer(815301076,1909f56bfc062723c751e8b465ee728b)  -> (artifact id: '37043096392e40324be00ac30ba39e3b') in 0.017174 seconds 
Editor requested this worker to shutdown with reason: Scaling down because of idle timeout
AssetImportWorker is now disconnected from the server
Process exiting
Exiting without the bug reporter. Application will terminate with return code 0